{
  "className": "searchBar.SearchBarTest",
  "name": "Search Bar",
  "scenarios": [
    {
      "className": "searchBar.SearchBarTest",
      "testMethodName": "test1",
      "description": "Test1",
      "tagIds": [],
      "explicitParameters": [],
      "derivedParameters": [],
      "casesAsTable": false,
      "scenarioCases": [
        {
          "caseNr": 1,
          "steps": [
            {
              "name": "Ebay url is entered",
              "words": [
                {
                  "value": "Given",
                  "isIntroWord": true
                },
                {
                  "value": "Ebay url is entered"
                }
              ],
              "status": "PASSED",
              "durationInNanos": 4793167
            },
            {
              "name": "search term is entered",
              "words": [
                {
                  "value": "When",
                  "isIntroWord": true
                },
                {
                  "value": "search term is entered"
                }
              ],
              "status": "PASSED",
              "durationInNanos": 530346
            },
            {
              "name": "some outcome",
              "words": [
                {
                  "value": "Then",
                  "isIntroWord": true
                },
                {
                  "value": "some outcome"
                }
              ],
              "status": "PASSED",
              "durationInNanos": 2043730
            }
          ],
          "explicitArguments": [],
          "derivedArguments": [],
          "status": "FAILED",
          "success": false,
          "errorMessage": "java.lang.AssertionError: expected [true] but found [false]",
          "stackTrace": [
            "org.testng.Assert.fail(Assert.java:94)",
            "org.testng.Assert.failNotEquals(Assert.java:494)",
            "org.testng.Assert.assertTrue(Assert.java:42)",
            "org.testng.Assert.assertTrue(Assert.java:52)",
            "searchBar.SearchBarTest.test1(SearchBarTest.java:67)",
            "org.testng.internal.MethodInvocationHelper.invokeMethod(MethodInvocationHelper.java:80)",
            "org.testng.internal.Invoker.invokeMethod(Invoker.java:714)",
            "org.testng.internal.Invoker.invokeTestMethod(Invoker.java:901)",
            "org.testng.internal.Invoker.invokeTestMethods(Invoker.java:1231)",
            "org.testng.internal.TestMethodWorker.invokeTestMethods(TestMethodWorker.java:127)",
            "org.testng.internal.TestMethodWorker.run(TestMethodWorker.java:111)",
            "org.testng.TestRunner.privateRun(TestRunner.java:767)",
            "org.testng.TestRunner.run(TestRunner.java:617)",
            "org.testng.SuiteRunner.runTest(SuiteRunner.java:334)",
            "org.testng.SuiteRunner.runSequentially(SuiteRunner.java:329)",
            "org.testng.SuiteRunner.privateRun(SuiteRunner.java:291)",
            "org.testng.SuiteRunner.run(SuiteRunner.java:240)",
            "org.testng.SuiteRunnerWorker.runSuite(SuiteRunnerWorker.java:52)",
            "org.testng.SuiteRunnerWorker.run(SuiteRunnerWorker.java:86)",
            "org.testng.TestNG.runSuitesSequentially(TestNG.java:1198)",
            "org.testng.TestNG.runSuitesLocally(TestNG.java:1123)",
            "org.testng.TestNG.run(TestNG.java:1031)",
            "org.testng.remote.AbstractRemoteTestNG.run(AbstractRemoteTestNG.java:114)",
            "org.testng.remote.RemoteTestNG.initAndRun(RemoteTestNG.java:251)",
            "org.testng.remote.RemoteTestNG.main(RemoteTestNG.java:77)"
          ],
          "durationInNanos": 17307775606
        }
      ],
      "durationInNanos": 17307775606
    }
  ],
  "tagMap": {}
}